<?xml version="1.0" encoding="UTF-8"?>
<!-- Generated by org.testng.reporters.JUnitXMLReporter -->
<testsuite ignored="0" hostname="LAPTOP-B8G85UAF" failures="0" tests="1" name="Test-Runner-1" time="49.586" errors="0" timestamp="2023-03-31T11:53:21 IST">
  <testcase classname="vtiger.Generalutility.Base_class" name="@BeforeTest launching" time="49.568">
    <failure type="org.openqa.selenium.remote.http.ConnectionFailedException" message="Unable to establish websocket connection to http://localhost:51285/devtools/browser/d8a6c7a4-39fc-4b65-8a5a-ec301bfe8875
Build info: version: &amp;apos;4.4.0&amp;apos;, revision: &amp;apos;e5c75ed026a&amp;apos;
System info: host: &amp;apos;LAPTOP-B8G85UAF&amp;apos;, ip: &amp;apos;192.168.62.62&amp;apos;, os.name: &amp;apos;Windows 11&amp;apos;, os.arch: &amp;apos;amd64&amp;apos;, os.version: &amp;apos;10.0&amp;apos;, java.version: &amp;apos;17.0.3&amp;apos;
Driver info: driver.version: ChromeDriver">
      <![CDATA[org.openqa.selenium.remote.http.ConnectionFailedException: Unable to establish websocket connection to http://localhost:51285/devtools/browser/d8a6c7a4-39fc-4b65-8a5a-ec301bfe8875
Build info: version: '4.4.0', revision: 'e5c75ed026a'
System info: host: 'LAPTOP-B8G85UAF', ip: '192.168.62.62', os.name: 'Windows 11', os.arch: 'amd64', os.version: '10.0', java.version: '17.0.3'
Driver info: driver.version: ChromeDriver
at org.openqa.selenium.remote.http.netty.NettyWebSocket.<init>(NettyWebSocket.java:102)
at org.openqa.selenium.remote.http.netty.NettyWebSocket.lambda$create$3(NettyWebSocket.java:128)
at org.openqa.selenium.remote.http.netty.NettyClient.openSocket(NettyClient.java:106)
at org.openqa.selenium.devtools.Connection.<init>(Connection.java:77)
at org.openqa.selenium.chromium.ChromiumDriver.lambda$new$2(ChromiumDriver.java:116)
at java.base/java.util.Optional.map(Optional.java:260)
at org.openqa.selenium.chromium.ChromiumDriver.<init>(ChromiumDriver.java:114)
at org.openqa.selenium.chrome.ChromeDriver.<init>(ChromeDriver.java:81)
at org.openqa.selenium.chrome.ChromeDriver.<init>(ChromeDriver.java:49)
at vtiger.Generalutility.Base_class.launching(Base_class.java:41)
at java.base/java.util.concurrent.FutureTask.run(FutureTask.java:264)
at java.base/java.util.concurrent.ThreadPoolExecutor.runWorker(ThreadPoolExecutor.java:1136)
at java.base/java.util.concurrent.ThreadPoolExecutor$Worker.run(ThreadPoolExecutor.java:635)
at java.base/java.lang.Thread.run(Thread.java:833)
... Removed 15 stack frames]]>
    </failure>
  </testcase> <!-- @BeforeTest launching -->
  <testcase classname="vtiger.Generalutility.Base_class" name="@BeforeMethod login" time="-1.680243801939E9">
    <skipped/>
  </testcase> <!-- @BeforeMethod login -->
  <testcase classname="vtiger.Generalutility.Base_class" name="@AfterMethod logout" time="-1.680243801945E9">
    <skipped/>
  </testcase> <!-- @AfterMethod logout -->
  <testcase classname="vtiger.Generalutility.Base_class" name="@AfterTest closebrowser" time="-1.680243801945E9">
    <skipped/>
  </testcase> <!-- @AfterTest closebrowser -->
  <testcase classname="vtiger.organaisation.test.CreatorganaisationTest" name="crtOrganaizationTest" time="0.0">
    <skipped/>
  </testcase> <!-- crtOrganaizationTest -->
</testsuite> <!-- Test-Runner-1 -->
